1   0.71992   0
2   0.749189   0.0206963
3   0.745793   0.0140734
4   0.750601   0.0113466
5   0.736848   0.0152872
6   0.724891   0.0167759
7   0.724099   0.014398
8   0.730257   0.0138528
9   0.732058   0.0124302
10   0.730175   0.011329
11   0.726955   0.0107469
12   0.729471   0.0101415
13   0.726748   0.00972005
14   0.727353   0.00904455
15   0.72716   0.00844363
16   0.726637   0.00793209
17   0.723453   0.00807937
18   0.723792   0.00763762
19   0.725298   0.00738264
20   0.725615   0.00702031
21   0.723913   0.0068893
22   0.723732   0.00657853
23   0.724017   0.00629871
24   0.724995   0.00611172
25   0.725121   0.00586855
26   0.724282   0.0057025
27   0.722911   0.00565381
28   0.723717   0.0055091
29   0.723531   0.00532227
30   0.724083   0.00517338
31   0.723329   0.00506107
32   0.724295   0.00499426
33   0.723665   0.00488259
34   0.722435   0.00489135
35   0.722739   0.00476102
36   0.722361   0.00464378
37   0.722685   0.00452958
38   0.722304   0.00442631
39   0.722629   0.00432469
40   0.723145   0.00424726
41   0.722318   0.00422351
42   0.7232   0.00421419
43   0.722648   0.00415222
44   0.723501   0.00414462
45   0.723285   0.00405817
46   0.723921   0.00401947
47   0.72448   0.00397268
48   0.723304   0.00406022
49   0.723213   0.00397839
50   0.723447   0.00390571
51   0.722941   0.00386173
52   0.723361   0.00381025
53   0.724288   0.00384936
54   0.723434   0.00387147
55   0.723243   0.00380583
56   0.723487   0.00374571
57   0.723573   0.00368098
58   0.723547   0.0036176
59   0.723203   0.00357263
60   0.723646   0.00354049
61   0.723483   0.00348623
62   0.723785   0.00344303
63   0.723538   0.00339718
64   0.722765   0.00343089
65   0.723475   0.0034507
66   0.723482   0.00339842
67   0.724099   0.00340314
68   0.723226   0.00346323
69   0.722585   0.00347189
70   0.723308   0.00349679
71   0.722539   0.00353107
72   0.723208   0.00354489
73   0.723518   0.00350982
74   0.72352   0.00346239
75   0.723535   0.00341626
76   0.723004   0.00341228
77   0.723402   0.00339104
78   0.723343   0.00334807
79   0.723687   0.00332331
80   0.723886   0.00328776
81   0.723572   0.00326221
82   0.723252   0.00323806
83   0.723679   0.00322708
84   0.723783   0.00319035
85   0.72351   0.00316451
86   0.72322   0.00314098
87   0.723961   0.00319109
88   0.723992   0.00315497
89   0.723776   0.00312689
90   0.723707   0.00309292
91   0.723302   0.00308536
92   0.723084   0.00305951
93   0.723575   0.00306584
94   0.723405   0.00303794
95   0.723744   0.00302483
96   0.723509   0.00300241
97   0.723324   0.00297718
98   0.723241   0.00294796
99   0.723634   0.00294434
100   0.724126   0.00295575
