1   -5.67574   0
2   -5.67635   0.000431135
3   -5.67652   0.000320708
4   -5.67532   0.00106596
5   -5.67457   0.00108682
6   -5.67465   0.000908718
7   -5.67514   0.000899646
8   -5.67528   0.000798067
9   -5.67539   0.000717658
10   -5.67522   0.000666313
11   -5.67512   0.000612854
12   -5.67492   0.000593077
13   -5.67489   0.000548199
14   -5.67515   0.000566753
15   -5.67507   0.000535156
16   -5.67501   0.000504751
17   -5.6749   0.000487821
18   -5.67482   0.000466158
19   -5.67479   0.000442624
20   -5.67462   0.00045165
21   -5.67452   0.000441006
22   -5.67461   0.000429064
23   -5.67467   0.00041415
24   -5.67471   0.000398749
25   -5.67474   0.000384094
26   -5.6747   0.000371271
27   -5.67471   0.000357736
28   -5.67465   0.000350166
29   -5.67469   0.00034052
30   -5.67473   0.000331284
31   -5.67479   0.000326404
32   -5.67492   0.00033946
33   -5.67484   0.000337011
34   -5.67483   0.000327592
35   -5.6749   0.00032584
36   -5.6748   0.000331507
37   -5.67485   0.000326686
38   -5.67485   0.000318092
39   -5.67484   0.000309984
40   -5.67485   0.000302303
41   -5.67484   0.00029503
42   -5.67492   0.000296779
43   -5.6749   0.000290116
44   -5.67497   0.000290206
45   -5.67503   0.000290421
46   -5.67513   0.000301947
47   -5.67513   0.000295523
48   -5.67511   0.000290386
49   -5.67508   0.000285832
50   -5.67507   0.00028019
51   -5.67507   0.000274696
52   -5.67512   0.000272803
53   -5.67516   0.000271111
54   -5.67512   0.000269238
55   -5.67506   0.000270738
56   -5.67509   0.000268102
57   -5.67513   0.000266027
58   -5.67517   0.000264555
59   -5.6752   0.000261242
60   -5.67518   0.000257206
61   -5.67522   0.000255344
62   -5.67522   0.000251251
63   -5.67519   0.000249631
64   -5.67517   0.000246329
65   -5.67522   0.000246917
66   -5.67524   0.000244128
67   -5.67523   0.00024054
68   -5.67523   0.000237051
69   -5.67525   0.000234698
70   -5.67525   0.000231369
71   -5.67524   0.000228374
72   -5.67526   0.000226001
73   -5.6753   0.000226603
74   -5.67532   0.00022447
75   -5.67535   0.000223372
76   -5.67531   0.000224427
77   -5.67529   0.000222329
78   -5.67529   0.000219519
79   -5.67532   0.000218881
80   -5.67534   0.000217311
81   -5.67534   0.00021463
82   -5.67535   0.000212069
83   -5.67533   0.00021011
84   -5.67533   0.000207643
85   -5.67534   0.000205244
86   -5.67535   0.000203463
87   -5.67539   0.000204834
88   -5.67537   0.000203706
89   -5.67537   0.000201419
90   -5.67537   0.000199185
91   -5.67532   0.000202526
92   -5.67534   0.000200971
93   -5.67533   0.000199217
94   -5.67527   0.000204849
95   -5.67527   0.000202694
96   -5.67521   0.000210095
97   -5.67521   0.000207932
98   -5.67525   0.000210784
99   -5.67526   0.000208672
100   -5.67524   0.000207506
