1   9.0277   0
2   8.7942   0.165108
3   8.81075   0.110898
4   8.77522   0.0886821
5   8.87866   0.116588
6   8.96515   0.125193
7   8.96757   0.107332
8   8.92247   0.102957
9   8.90817   0.0925046
10   8.92247   0.0843522
11   8.94495   0.0796229
12   8.92669   0.0750526
13   8.94669   0.0718948
14   8.9393   0.0671378
15   8.94229   0.0627282
16   8.94724   0.0590034
17   8.96655   0.0586067
18   8.96171   0.0555505
19   8.95111   0.0536285
20   8.94871   0.0510009
21   8.96062   0.0499452
22   8.96162   0.0476849
23   8.95923   0.0456713
24   8.95093   0.0445165
25   8.9496   0.0427555
26   8.95508   0.0414608
27   8.96394   0.04086
28   8.95752   0.0399016
29   8.95854   0.0385386
30   8.95574   0.0373555
31   8.96126   0.036556
32   8.95389   0.0361491
33   8.95965   0.0355095
34   8.96939   0.0357763
35   8.96619   0.0348971
36   8.96908   0.0340475
37   8.96648   0.0332267
38   8.97051   0.0325958
39   8.96825   0.0318384
40   8.96464   0.0312463
41   8.97108   0.0311405
42   8.96477   0.0310306
43   8.96917   0.0306188
44   8.96221   0.030703
45   8.96326   0.0300387
46   8.9587   0.0297297
47   8.9549   0.029339
48   8.96413   0.0301431
49   8.96514   0.029545
50   8.96367   0.0289903
51   8.96749   0.028672
52   8.96451   0.0282746
53   8.95765   0.0285632
54   8.96418   0.0287722
55   8.96587   0.0282989
56   8.96416   0.0278454
57   8.96299   0.0273816
58   8.96316   0.02691
59   8.96559   0.0265632
60   8.96206   0.0263532
61   8.96287   0.0259335
62   8.96069   0.025607
63   8.96231   0.025252
64   8.9677   0.0254254
65   8.96236   0.0255878
66   8.96219   0.0252007
67   8.95786   0.0251947
68   8.96454   0.0256943
69   8.96867   0.0256523
70   8.96323   0.025856
71   8.9693   0.0261951
72   8.96441   0.026285
73   8.96242   0.0259998
74   8.96209   0.0256506
75   8.96216   0.0253087
76   8.96687   0.0254097
77   8.96419   0.0252201
78   8.96444   0.024898
79   8.96108   0.0248076
80   8.95946   0.0245504
81   8.96195   0.024373
82   8.96402   0.024164
83   8.96065   0.0241078
84   8.96001   0.0238291
85   8.96199   0.0236306
86   8.96407   0.0234469
87   8.95814   0.0239156
88   8.95792   0.0236448
89   8.95911   0.0234089
90   8.95932   0.0231497
91   8.96245   0.0231067
92   8.9644   0.0229378
93   8.96118   0.0229164
94   8.96216   0.0226935
95   8.95979   0.0225777
96   8.96147   0.0224047
97   8.96263   0.0222038
98   8.96303   0.0219807
99   8.9601   0.0219522
100   8.95656   0.0220173
