1   -6.75562   0
2   -6.80013   0.0314755
3   -6.79521   0.0213647
4   -6.80122   0.0168484
5   -6.77984   0.023397
6   -6.76199   0.0254125
7   -6.76129   0.0217919
8   -6.77066   0.0209889
9   -6.77348   0.0188449
10   -6.77048   0.0171972
11   -6.76555   0.0163245
12   -6.76913   0.0153507
13   -6.76502   0.0147107
14   -6.76618   0.0137061
15   -6.76581   0.0127974
16   -6.76497   0.0120252
17   -6.76008   0.0122721
18   -6.76051   0.011598
19   -6.76274   0.0111997
20   -6.76305   0.0106439
21   -6.76039   0.0104624
22   -6.76021   0.00998855
23   -6.76069   0.00956605
24   -6.7622   0.00928529
25   -6.76242   0.00891651
26   -6.76112   0.00866743
27   -6.75908   0.00858416
28   -6.76023   0.00835405
29   -6.75999   0.00806936
30   -6.76085   0.00784667
31   -6.75979   0.00766588
32   -6.76136   0.0075863
33   -6.76034   0.0074246
34   -6.75848   0.00743618
35   -6.75901   0.00724235
36   -6.75834   0.00707179
37   -6.75888   0.00690116
38   -6.75831   0.0067432
39   -6.75879   0.00658744
40   -6.75957   0.00646885
41   -6.75832   0.00643052
42   -6.75972   0.00642728
43   -6.75888   0.00633251
44   -6.76022   0.00632935
45   -6.75996   0.00619412
46   -6.76101   0.00614905
47   -6.76185   0.0060751
48   -6.76006   0.00620621
49   -6.7599   0.00608176
50   -6.76024   0.00596989
51   -6.75948   0.00590083
52   -6.76016   0.00582565
53   -6.76159   0.00588943
54   -6.76027   0.00592671
55   -6.75992   0.00582908
56   -6.76032   0.00573879
57   -6.76049   0.00564051
58   -6.76049   0.00554326
59   -6.76   0.00547106
60   -6.76065   0.00541861
61   -6.76044   0.00533386
62   -6.7609   0.00526731
63   -6.76049   0.00519917
64   -6.75932   0.00524938
65   -6.76043   0.00528487
66   -6.76046   0.0052049
67   -6.76138   0.00520779
68   -6.76007   0.0052944
69   -6.75913   0.00530031
70   -6.76022   0.0053351
71   -6.75905   0.00538553
72   -6.76007   0.00540703
73   -6.76058   0.00535654
74   -6.7606   0.00528421
75   -6.76066   0.005214
76   -6.75982   0.00521237
77   -6.76039   0.00517653
78   -6.7603   0.00511099
79   -6.76085   0.00507543
80   -6.76117   0.00502221
81   -6.7607   0.00498227
82   -6.76022   0.00494407
83   -6.76085   0.0049238
84   -6.76101   0.0048678
85   -6.7606   0.00482742
86   -6.76018   0.00478947
87   -6.76133   0.00487065
88   -6.76136   0.00481536
89   -6.76103   0.00477217
90   -6.76093   0.00472031
91   -6.76027   0.00471367
92   -6.75996   0.00467267
93   -6.76069   0.00467825
94   -6.76038   0.00463883
95   -6.76088   0.00461771
96   -6.76047   0.0045882
97   -6.76019   0.00454925
98   -6.76011   0.00450352
99   -6.76071   0.00449691
100   -6.76143   0.004509
