1   1.07988   0
2   1.12378   0.0310444
3   1.11869   0.0211101
4   1.1259   0.0170199
5   1.10527   0.0229308
6   1.08734   0.0251638
7   1.08615   0.0215971
8   1.09539   0.0207793
9   1.09809   0.0186453
10   1.09526   0.0169935
11   1.09043   0.0161203
12   1.09421   0.0152123
13   1.09012   0.0145801
14   1.09103   0.0135668
15   1.09074   0.0126654
16   1.08996   0.0118981
17   1.08518   0.0121191
18   1.08569   0.0114564
19   1.08795   0.011074
20   1.08842   0.0105305
21   1.08587   0.0103339
22   1.0856   0.0098678
23   1.08603   0.00944807
24   1.08749   0.00916758
25   1.08768   0.00880282
26   1.08642   0.00855374
27   1.08437   0.00848071
28   1.08558   0.00826365
29   1.0853   0.00798341
30   1.08612   0.00776007
31   1.08499   0.00759161
32   1.08644   0.00749139
33   1.0855   0.00732389
34   1.08365   0.00733702
35   1.08411   0.00714153
36   1.08354   0.00696567
37   1.08403   0.00679436
38   1.08346   0.00663947
39   1.08394   0.00648704
40   1.08472   0.0063709
41   1.08348   0.00633527
42   1.0848   0.00632128
43   1.08397   0.00622833
44   1.08525   0.00621693
45   1.08493   0.00608725
46   1.08588   0.00602921
47   1.08672   0.00595901
48   1.08496   0.00609033
49   1.08482   0.00596759
50   1.08517   0.00585856
51   1.08441   0.0057926
52   1.08504   0.00571537
53   1.08643   0.00577404
54   1.08515   0.00580721
55   1.08486   0.00570875
56   1.08523   0.00561857
57   1.08536   0.00552146
58   1.08532   0.0054264
59   1.0848   0.00535895
60   1.08547   0.00531074
61   1.08522   0.00522934
62   1.08568   0.00516455
63   1.08531   0.00509577
64   1.08415   0.00514633
65   1.08521   0.00517604
66   1.08522   0.00509763
67   1.08615   0.00510471
68   1.08484   0.00519484
69   1.08388   0.00520784
70   1.08496   0.00524519
71   1.08381   0.0052966
72   1.08481   0.00531733
73   1.08528   0.00526473
74   1.08528   0.00519359
75   1.0853   0.00512439
76   1.08451   0.00511842
77   1.0851   0.00508656
78   1.08501   0.00502211
79   1.08553   0.00498496
80   1.08583   0.00493164
81   1.08536   0.00489331
82   1.08488   0.00485708
83   1.08552   0.00484061
84   1.08568   0.00478552
85   1.08527   0.00474676
86   1.08483   0.00471147
87   1.08594   0.00478663
88   1.08599   0.00473246
89   1.08566   0.00469033
90   1.08556   0.00463938
91   1.08495   0.00462804
92   1.08463   0.00458927
93   1.08536   0.00459876
94   1.08511   0.00455691
95   1.08562   0.00453724
96   1.08526   0.00450361
97   1.08499   0.00446577
98   1.08486   0.00442194
99   1.08545   0.00441651
100   1.08619   0.00443362
