   0.0115332   0   0
   0.0345996   0   0
   0.0576661   0   0
   0.0807325   0   0
   0.103799   0   0
   0.126865   0   0
   0.149932   0   0
   0.172998   0   0
   0.196065   0   0
   0.219131   0   0
   0.242198   0   0
   0.265264   0   0
   0.28833   0   0
   0.311397   0   0
   0.334463   0   0
   0.35753   0   0
   0.380596   0   0
   0.403663   0   0
   0.426729   0   0
   0.449795   0   0
   0.472862   0   0
   0.495928   0   0
   0.518995   0   0
   0.542061   0   0
   0.565128   0   0
   0.588194   0   0
   0.61126   0   0
   0.634327   0   0
   0.657393   0   0
   0.68046   0   0
   0.703526   0   0
   0.726593   0   0
   0.749659   0   0
   0.772725   0   0
   0.795792   0   0
   0.818858   0   0
   0.841925   0   0
   0.864991   0   0
   0.888058   0   0
   0.911124   0.00104939   0.00040036
   0.93419   0.0268186   0.00245496
   0.957257   0.238622   0.00639241
   0.980323   0.885747   0.0136196
   1.00339   2.14733   0.0204461
   1.02646   3.60095   0.0253615
   1.04952   4.72359   0.0286341
   1.07259   5.01538   0.021901
   1.09566   4.60218   0.0350391
   1.11872   3.75397   0.0287259
   1.14179   2.74938   0.0222165
   1.16485   1.80129   0.0185806
   1.18792   1.10204   0.0135028
   1.21099   0.609336   0.0112536
   1.23405   0.324695   0.00786115
   1.25712   0.151704   0.00530069
   1.28019   0.0703083   0.00371123
   1.30325   0.0364854   0.00239217
   1.32632   0.0361848   0.00246928
   1.34939   0.0652279   0.0036863
   1.37245   0.117598   0.0040388
   1.39552   0.192026   0.00492726
   1.41859   0.307825   0.00629954
   1.44165   0.449037   0.00675093
   1.46472   0.624666   0.00779482
   1.48778   0.785861   0.00750069
   1.51085   0.934783   0.0108727
   1.53392   0.94793   0.0103697
   1.55698   0.914997   0.00966826
   1.58005   0.813987   0.00873464
   1.60312   0.641219   0.00752371
   1.62618   0.465271   0.00588936
   1.64925   0.314091   0.00532091
   1.67232   0.207237   0.00484125
   1.69538   0.17355   0.00431491
   1.71845   0.237069   0.00549399
   1.74152   0.413117   0.00739421
   1.76458   0.729549   0.00979075
   1.78765   1.17757   0.0111339
   1.81071   1.72884   0.0118131
   1.83378   2.25128   0.0127478
   1.85685   2.65499   0.0143781
   1.87991   2.76514   0.0168514
   1.90298   2.60763   0.0139058
   1.92605   2.20291   0.0109343
   1.94911   1.71118   0.00957824
   1.97218   1.18574   0.00930824
   1.99525   0.772561   0.00755751
   2.01831   0.509404   0.00680922
   2.04138   0.402935   0.00601581
   2.06445   0.444225   0.00620304
   2.08751   0.576964   0.00583927
   2.11058   0.758286   0.00622351
   2.13364   0.925513   0.00552918
   2.15671   1.02136   0.00762657
   2.17978   1.02757   0.0082183
   2.20284   0.932815   0.0066501
   2.22591   0.803958   0.00575916
   2.24898   0.672252   0.00537874
   2.27204   0.582694   0.0068988
   2.29511   0.574304   0.00744037
