   0.0128248   0   0
   0.0384745   0   0
   0.0641241   0   0
   0.0897737   0   0
   0.115423   0   0
   0.141073   0   0
   0.166723   0   0
   0.192372   0   0
   0.218022   0   0
   0.243672   0   0
   0.269321   0   0
   0.294971   0   0
   0.32062   0   0
   0.34627   0   0
   0.37192   0   0
   0.397569   0   0
   0.423219   0   0
   0.448869   0   0
   0.474518   0   0
   0.500168   0   0
   0.525818   0   0
   0.551467   0   0
   0.577117   0   0
   0.602767   0   0
   0.628416   0   0
   0.654066   0   0
   0.679715   0   0
   0.705365   0   0
   0.731015   0   0
   0.756664   0   0
   0.782314   0   0
   0.807964   0   0
   0.833613   0   0
   0.859263   0   0
   0.884913   0.000641936   0.000394546
   0.910562   0.0209601   0.00244417
   0.936212   0.146821   0.00619509
   0.961861   0.544428   0.0120764
   0.987511   1.158   0.0172355
   1.01316   1.83167   0.0202958
   1.03881   2.26574   0.0218783
   1.06446   2.54631   0.0238523
   1.09011   2.56956   0.0246835
   1.11576   2.40992   0.0197864
   1.14141   2.22048   0.0217467
   1.16706   1.97974   0.0195602
   1.19271   1.76138   0.0181445
   1.21836   1.61659   0.0191833
   1.24401   1.42161   0.0157609
   1.26966   1.29531   0.0165538
   1.29531   1.13888   0.01438
   1.32096   1.04343   0.0137165
   1.34661   0.947468   0.0135766
   1.37226   0.879469   0.0110115
   1.39791   0.828896   0.0124298
   1.42355   0.790614   0.0109769
   1.4492   0.745505   0.0103432
   1.47485   0.70118   0.0101743
   1.5005   0.668642   0.00891565
   1.52615   0.678423   0.00984873
   1.5518   0.657344   0.00874301
   1.57745   0.657614   0.00944773
   1.6031   0.643669   0.00960294
   1.62875   0.650844   0.00992762
   1.6544   0.691482   0.00878737
   1.68005   0.696635   0.00883469
   1.7057   0.729528   0.00880787
   1.73135   0.773214   0.0100006
   1.757   0.800727   0.00976599
   1.78265   0.868337   0.00925581
   1.8083   0.910006   0.00896401
   1.83395   0.940716   0.00959865
   1.8596   0.980216   0.00958365
   1.88525   1.00951   0.009576
   1.9109   1.05395   0.00832605
   1.93655   1.09274   0.0105024
   1.9622   1.12375   0.0104428
   1.98785   1.16465   0.0106326
   2.0135   1.18018   0.010563
   2.03915   1.21085   0.0109891
   2.0648   1.22253   0.00974695
   2.09045   1.23256   0.00959254
   2.1161   1.23144   0.00874068
   2.14174   1.19639   0.00891031
   2.16739   1.17794   0.00785918
   2.19304   1.16242   0.00863021
   2.21869   1.13342   0.00835254
   2.24434   1.11205   0.00831034
   2.26999   1.09172   0.00719719
   2.29564   1.04388   0.00729437
   2.32129   1.02743   0.00686677
   2.34694   0.985971   0.00737186
   2.37259   0.970726   0.00791547
   2.39824   0.923902   0.00719288
   2.42389   0.928948   0.00618594
   2.44954   0.908638   0.0062327
   2.47519   0.89478   0.00701514
   2.50084   0.895042   0.00689786
   2.52649   0.879324   0.00634311
   2.55214   0.884672   0.00648794
