1   2.1861   0
2   1.97278   0.150841
3   1.98565   0.101108
4   1.95379   0.0806939
5   2.00604   0.079697
6   2.0345   0.0713124
7   2.06775   0.0684394
8   2.06164   0.0601568
9   2.10142   0.0653177
10   2.12805   0.0639849
11   2.1139   0.0597124
12   2.11651   0.0547931
13   2.0944   0.0548583
14   2.06591   0.0578646
15   2.01903   0.0704874
16   2.00004   0.068591
17   2.02097   0.0676728
18   2.00687   0.0653644
19   1.98796   0.0646031
20   1.98773   0.0613734
21   1.99132   0.0585563
22   1.9757   0.0579405
23   1.97592   0.0554217
24   1.97796   0.0531502
25   1.99443   0.0535145
26   2.00512   0.0525125
27   1.98968   0.0527889
28   1.9845   0.0511564
29   1.98415   0.0493936
30   1.99432   0.0487829
31   1.9999   0.0475268
32   1.99499   0.0462936
33   1.98765   0.0454693
34   1.97281   0.0464901
35   1.94971   0.0505785
36   1.92841   0.0534687
37   1.91777   0.0530732
38   1.92034   0.0517391
39   1.92631   0.0507548
40   1.91583   0.0505554
41   1.90389   0.0507131
42   1.90008   0.0496485
43   1.91012   0.0494994
44   1.91648   0.0487809
45   1.91389   0.0477655
46   1.91389   0.0467271
47   1.91181   0.0457792
48   1.90603   0.0451885
49   1.90763   0.0442946
50   1.89913   0.044216
51   1.90157   0.043416
52   1.90235   0.0425882
53   1.90337   0.0417968
54   1.90273   0.0410277
55   1.90743   0.0405499
56   1.92001   0.041731
57   1.92435   0.041224
58   1.91965   0.0407793
59   1.91764   0.0401377
60   1.91298   0.0397392
61   1.90646   0.0396183
62   1.90281   0.039147
63   1.89889   0.0387215
64   1.89522   0.0382895
65   1.88826   0.0383282
66   1.87675   0.0394395
67   1.86645   0.0401729
68   1.86326   0.0397087
69   1.86853   0.0394817
70   1.86769   0.0389265
71   1.87195   0.0386102
72   1.87253   0.0380784
73   1.86858   0.0377608
74   1.86801   0.0372548
75   1.87199   0.0369694
76   1.87446   0.0365656
77   1.87187   0.0361825
78   1.87753   0.0361591
79   1.87475   0.0358081
80   1.87328   0.0353906
81   1.87453   0.0349757
82   1.87623   0.0345904
83   1.88467   0.0351897
84   1.8879   0.0349181
85   1.88633   0.0345423
86   1.88509   0.034163
87   1.88414   0.0337834
88   1.88044   0.0336023
89   1.87752   0.0333508
90   1.87897   0.0330117
91   1.87534   0.0328481
92   1.86486   0.034122
93   1.86266   0.033826
94   1.86614   0.0336446
95   1.87138   0.033697
96   1.87003   0.0333731
97   1.86658   0.0332073
98   1.86228   0.033145
99   1.8602   0.0328753
100   1.85929   0.0325592
