1   1.52218   0
2   1.56891   0.0330485
3   1.5571   0.0240502
4   1.57015   0.0212855
5   1.56667   0.0173105
6   1.56973   0.0146932
7   1.56995   0.0125958
8   1.57797   0.013334
9   1.57226   0.0130184
10   1.56852   0.0122431
11   1.57339   0.0120622
12   1.5714   0.0112203
13   1.57371   0.010592
14   1.57759   0.010524
15   1.58803   0.0140746
16   1.59237   0.0138493
17   1.58564   0.0145798
18   1.58707   0.0138399
19   1.58955   0.0133314
20   1.58915   0.012671
21   1.58952   0.0120732
22   1.59409   0.0123564
23   1.59286   0.0118802
24   1.59128   0.0114888
25   1.58652   0.0119765
26   1.58262   0.0121337
27   1.5845   0.0118287
28   1.58362   0.0114388
29   1.58204   0.0111527
30   1.57896   0.0111985
31   1.57801   0.0108776
32   1.57989   0.0106992
33   1.58195   0.0105718
34   1.58571   0.0109066
35   1.59107   0.0118425
36   1.5954   0.012278
37   1.59698   0.012048
38   1.59571   0.0117985
39   1.59358   0.0116855
40   1.5954   0.0115341
41   1.59729   0.0114055
42   1.59758   0.0111379
43   1.59484   0.0112116
44   1.59304   0.0111002
45   1.59354   0.0108648
46   1.59324   0.0106329
47   1.5935   0.01041
48   1.59494   0.0102916
49   1.59409   0.0101165
50   1.59568   0.0100378
51   1.59416   0.00995405
52   1.59309   0.00982053
53   1.59197   0.00969931
54   1.59191   0.00951988
55   1.59125   0.00936911
56   1.58864   0.00955989
57   1.58774   0.00943389
58   1.58863   0.00931257
59   1.58829   0.00916085
60   1.58892   0.00903001
61   1.59029   0.008985
62   1.59072   0.00885024
63   1.59107   0.00871659
64   1.5914   0.00858685
65   1.59259   0.008536
66   1.59475   0.00867576
67   1.59662   0.00874716
68   1.59717   0.00863533
69   1.59577   0.00862302
70   1.59625   0.00851357
71   1.59548   0.0084283
72   1.59576   0.00831559
73   1.59699   0.0082926
74   1.59745   0.00819312
75   1.59691   0.00810135
76   1.59645   0.00800806
77   1.59742   0.00796347
78   1.59619   0.00795635
79   1.59718   0.0079171
80   1.59764   0.00783174
81   1.59754   0.00773569
82   1.59729   0.00764541
83   1.59521   0.00783102
84   1.59461   0.00776134
85   1.59525   0.00769657
86   1.59575   0.00762331
87   1.59588   0.00753687
88   1.59642   0.00747017
89   1.59669   0.00739122
90   1.59598   0.00734324
91   1.59651   0.00728147
92   1.59867   0.00751749
93   1.59868   0.00743666
94   1.59757   0.00743923
95   1.59596   0.00753411
96   1.59593   0.00745567
97   1.5964   0.00739333
98   1.5971   0.00735159
99   1.59728   0.00727953
100   1.59722   0.00720705
