1   -4.99576   0
2   -5.0414   0.0322782
3   -5.02905   0.0237668
4   -5.04206   0.0210902
5   -5.03811   0.0172383
6   -5.04111   0.0146246
7   -5.04097   0.012536
8   -5.04895   0.0132683
9   -5.04319   0.0129866
10   -5.03959   0.012177
11   -5.04445   0.0120032
12   -5.0423   0.0111944
13   -5.04459   0.0105645
14   -5.04862   0.0105506
15   -5.05922   0.0142066
16   -5.06361   0.0139823
17   -5.05724   0.0145416
18   -5.05897   0.0138369
19   -5.06156   0.0133489
20   -5.06121   0.0126862
21   -5.06166   0.0120902
22   -5.06624   0.0123751
23   -5.065   0.0118984
24   -5.06339   0.0115118
25   -5.05852   0.0120367
26   -5.05471   0.0121627
27   -5.05658   0.011856
28   -5.05561   0.0114723
29   -5.05396   0.0111955
30   -5.05085   0.0112447
31   -5.04998   0.0109158
32   -5.05185   0.0107334
33   -5.05398   0.0106181
34   -5.0578   0.0109711
35   -5.0633   0.0119597
36   -5.06775   0.0124273
37   -5.06946   0.0122083
38   -5.06818   0.0119543
39   -5.06608   0.01183
40   -5.06795   0.0116813
41   -5.06985   0.0115494
42   -5.07019   0.0112794
43   -5.06745   0.0113447
44   -5.06572   0.011219
45   -5.06626   0.0109831
46   -5.06599   0.0107477
47   -5.06627   0.0105225
48   -5.06767   0.0103958
49   -5.06679   0.0102203
50   -5.06834   0.0101328
51   -5.06676   0.0100571
52   -5.0657   0.00991966
53   -5.06457   0.00979691
54   -5.06454   0.00961552
55   -5.06386   0.00946498
56   -5.06127   0.00964337
57   -5.06041   0.0095126
58   -5.06132   0.0093919
59   -5.06097   0.00923932
60   -5.06161   0.00910751
61   -5.06301   0.00906582
62   -5.06349   0.0089325
63   -5.06387   0.00879871
64   -5.06426   0.0086699
65   -5.06548   0.00862184
66   -5.06764   0.0087581
67   -5.06953   0.00882726
68   -5.07008   0.00871485
69   -5.06872   0.00869473
70   -5.06924   0.00858623
71   -5.06851   0.00849617
72   -5.06885   0.00838502
73   -5.07016   0.00837162
74   -5.07067   0.00827376
75   -5.07013   0.00818092
76   -5.06969   0.00808479
77   -5.07065   0.00803647
78   -5.06942   0.00802773
79   -5.07041   0.00798733
80   -5.07088   0.00790102
81   -5.07079   0.00780397
82   -5.07056   0.00771222
83   -5.06847   0.00789682
84   -5.0679   0.00782301
85   -5.06855   0.00775775
86   -5.06906   0.00768445
87   -5.06921   0.00759757
88   -5.06977   0.00753131
89   -5.07007   0.0074528
90   -5.06936   0.00740397
91   -5.06994   0.00734545
92   -5.07211   0.00757883
93   -5.0721   0.00749733
94   -5.07097   0.0075027
95   -5.06937   0.00759313
96   -5.06935   0.00751406
97   -5.06983   0.00745212
98   -5.07057   0.00741243
99   -5.07077   0.00734021
100   -5.07073   0.00726692
