1   -3.47358   0
2   -3.47249   0.000770349
3   -3.47194   0.000680668
4   -3.47191   0.000511323
5   -3.47144   0.000587188
6   -3.47138   0.000491885
7   -3.47102   0.000537626
8   -3.47098   0.000472108
9   -3.47093   0.000422775
10   -3.47107   0.000404049
11   -3.47106   0.000367431
12   -3.4709   0.000370433
13   -3.47088   0.000342504
14   -3.47102   0.000347277
15   -3.47119   0.000361333
16   -3.47124   0.000342326
17   -3.4716   0.000472117
18   -3.4719   0.000534674
19   -3.47201   0.000518312
20   -3.47206   0.000494899
21   -3.47214   0.000477208
22   -3.47215   0.000455626
23   -3.47214   0.000435841
24   -3.4721   0.000419803
25   -3.472   0.000415581
26   -3.47208   0.000408262
27   -3.47208   0.000393143
28   -3.47199   0.00038953
29   -3.47191   0.000383831
30   -3.47189   0.000371788
31   -3.47197   0.000368069
32   -3.47195   0.000356821
33   -3.47203   0.000353153
34   -3.47209   0.00034897
35   -3.47223   0.000365235
36   -3.47235   0.00037531
37   -3.47248   0.000385058
38   -3.47247   0.00037497
39   -3.4725   0.000366408
40   -3.47255   0.000360899
41   -3.47256   0.000352344
42   -3.47261   0.000346627
43   -3.47261   0.000338595
44   -3.47268   0.000336645
45   -3.47272   0.000332557
46   -3.47276   0.000327287
47   -3.47277   0.000320392
48   -3.47273   0.000315792
49   -3.4727   0.000310388
50   -3.47267   0.000306228
51   -3.4726   0.000308516
52   -3.47261   0.000302826
53   -3.4726   0.000297236
54   -3.47264   0.000293934
55   -3.4726   0.000290289
56   -3.47263   0.00028637
57   -3.47266   0.000283178
58   -3.47269   0.000279374
59   -3.47267   0.00027501
60   -3.47268   0.000270532
61   -3.47272   0.000268525
62   -3.47277   0.00027002
63   -3.47281   0.00026745
64   -3.47286   0.000268892
65   -3.4729   0.000267049
66   -3.4729   0.000263008
67   -3.4729   0.000259112
68   -3.47291   0.000255585
69   -3.47295   0.000254403
70   -3.47299   0.000253299
71   -3.47303   0.000252869
72   -3.4731   0.000258949
73   -3.47317   0.000266135
74   -3.47322   0.000267004
75   -3.47322   0.000263457
76   -3.47325   0.000261717
77   -3.47323   0.000258956
78   -3.47323   0.000255638
79   -3.47323   0.000252414
80   -3.47323   0.000249261
81   -3.47324   0.000246449
82   -3.47326   0.000244223
83   -3.47325   0.000241415
84   -3.4733   0.000242268
85   -3.4733   0.000239477
86   -3.47331   0.000237012
87   -3.47333   0.00023476
88   -3.47335   0.00023277
89   -3.47338   0.00023216
90   -3.47338   0.000229583
91   -3.47343   0.000233455
92   -3.47343   0.00023093
93   -3.47343   0.000228505
94   -3.4734   0.000227752
95   -3.47341   0.000225629
96   -3.47342   0.000223344
97   -3.47344   0.000221745
98   -3.47347   0.000221517
99   -3.47348   0.00022005
100   -3.47351   0.000219456
