1   1.01478   0
2   1.04594   0.0220323
3   1.03807   0.0160335
4   1.04677   0.0141903
5   1.04445   0.0115404
6   1.04649   0.00979545
7   1.04663   0.00839719
8   1.05198   0.00888931
9   1.04817   0.00867891
10   1.04568   0.00816208
11   1.04893   0.00804146
12   1.0476   0.00748022
13   1.04914   0.00706133
14   1.05173   0.00701598
15   1.05869   0.00938303
16   1.06158   0.00923289
17   1.05709   0.00971984
18   1.05805   0.00922661
19   1.0597   0.0088876
20   1.05943   0.00844731
21   1.05968   0.00804882
22   1.06272   0.0082376
23   1.0619   0.0079201
24   1.06086   0.00765919
25   1.05768   0.00798432
26   1.05508   0.00808911
27   1.05633   0.00788578
28   1.05575   0.0076259
29   1.05469   0.00743513
30   1.05264   0.00746564
31   1.05201   0.00725172
32   1.05326   0.0071328
33   1.05464   0.00704789
34   1.05714   0.00727103
35   1.06072   0.00789503
36   1.0636   0.00818532
37   1.06466   0.00803202
38   1.0638   0.00786568
39   1.06239   0.00779035
40   1.0636   0.00768943
41   1.06486   0.0076037
42   1.06506   0.00742524
43   1.06323   0.00747439
44   1.06203   0.00740013
45   1.06236   0.0072432
46   1.06216   0.00708861
47   1.06233   0.00694002
48   1.06329   0.0068611
49   1.06273   0.00674434
50   1.06378   0.00669184
51   1.06278   0.00663604
52   1.06206   0.00654702
53   1.06131   0.00646621
54   1.06127   0.00634659
55   1.06084   0.00624607
56   1.05909   0.00637326
57   1.0585   0.00628926
58   1.05909   0.00620838
59   1.05886   0.00610723
60   1.05928   0.00602001
61   1.06019   0.00599
62   1.06048   0.00590016
63   1.06071   0.00581106
64   1.06093   0.00572457
65   1.06172   0.00569067
66   1.06316   0.00578384
67   1.06442   0.00583144
68   1.06478   0.00575689
69   1.06384   0.00574868
70   1.06417   0.00567571
71   1.06366   0.00561887
72   1.06384   0.00554373
73   1.06466   0.0055284
74   1.06496   0.00546208
75   1.06461   0.0054009
76   1.0643   0.0053387
77   1.06495   0.00530898
78   1.06413   0.00530423
79   1.06479   0.00527807
80   1.0651   0.00522116
81   1.06503   0.00515712
82   1.06486   0.00509694
83   1.06348   0.00522068
84   1.06307   0.00517423
85   1.0635   0.00513105
86   1.06383   0.0050822
87   1.06392   0.00502458
88   1.06428   0.00498012
89   1.06446   0.00492748
90   1.06399   0.00489549
91   1.06434   0.00485432
92   1.06578   0.00501166
93   1.06578   0.00495777
94   1.06505   0.00495948
95   1.06397   0.00502274
96   1.06395   0.00497044
97   1.06426   0.00492888
98   1.06474   0.00490106
99   1.06486   0.00485302
100   1.06481   0.0048047
