1   0.0621658   0
2   0.0558073   0.0044961
3   0.052994   0.00377636
4   0.0485744   0.0047615
5   0.0465599   0.00421384
6   0.0470682   0.00354206
7   0.0477873   0.0031082
8   0.047883   0.00272114
9   0.0472601   0.00248907
10   0.0478288   0.00230422
11   0.0484011   0.00216465
12   0.0481874   0.00199478
13   0.048053   0.00184586
14   0.0487787   0.00185118
15   0.0495504   0.00188173
16   0.0494569   0.00176644
17   0.0494108   0.00166313
18   0.0491969   0.00158444
19   0.04871   0.00157407
20   0.048094   0.00161139
21   0.0477284   0.0015756
22   0.0477657   0.00150443
23   0.0479953   0.00145643
24   0.0484562   0.00146686
25   0.0488925   0.00147166
26   0.0488868   0.00141507
27   0.0487148   0.00137306
28   0.0484476   0.00134977
29   0.0482051   0.00132483
30   0.0479958   0.00129711
31   0.0478462   0.00126387
32   0.0475965   0.00124878
33   0.0472885   0.00124835
34   0.0470095   0.00124243
35   0.0468817   0.00121348
36   0.0467481   0.0011871
37   0.0465676   0.00116867
38   0.046362   0.00115585
39   0.0461496   0.00114556
40   0.0461417   0.00111695
41   0.0464215   0.0011242
42   0.0467723   0.00115088
43   0.0467987   0.00112442
44   0.0465946   0.00111723
45   0.0464721   0.00109911
46   0.0465619   0.00107888
47   0.0467016   0.00106493
48   0.047071   0.00110495
49   0.047229   0.00109364
50   0.0471757   0.00107306
51   0.0470955   0.00105501
52   0.0470094   0.00103823
53   0.0468341   0.00103333
54   0.0466222   0.00103571
55   0.0464519   0.00103078
56   0.0463745   0.00101527
57   0.0462889   0.00100106
58   0.046171   0.000990726
59   0.0461557   0.000974052
60   0.0462415   0.000961589
61   0.0462153   0.000946181
62   0.0462124   0.000930924
63   0.0462067   0.000916165
64   0.0461574   0.000903173
65   0.0461037   0.000890876
66   0.0460694   0.000878037
67   0.0460815   0.000865015
68   0.046227   0.000864445
69   0.0464608   0.000882954
70   0.0465432   0.000874183
71   0.0464518   0.000866635
72   0.0463439   0.000861291
73   0.0463452   0.000849494
74   0.0462639   0.000841893
75   0.0461606   0.000836983
76   0.0461064   0.000827723
77   0.0461251   0.000817185
78   0.0461032   0.000807
79   0.0460634   0.000797766
80   0.0460684   0.00078781
81   0.0459694   0.00078428
82   0.0458739   0.000780514
83   0.045902   0.000771617
84   0.0459222   0.000762695
85   0.0458962   0.000754164
86   0.0457982   0.000751741
87   0.045676   0.000752965
88   0.0456585   0.00074461
89   0.0457492   0.000741739
90   0.0457179   0.000734155
91   0.0456617   0.000728241
92   0.045621   0.000721458
93   0.0456086   0.000713807
94   0.045609   0.000706213
95   0.0455349   0.000702659
96   0.0455439   0.000695397
97   0.0455915   0.000689857
98   0.0456449   0.000684883
99   0.0457594   0.000687463
100   0.0457105   0.000682328
