1   1.28615   0
2   1.2858   0.000246207
3   1.28586   0.000170416
4   1.28578   0.000147079
5   1.28586   0.000137528
6   1.28587   0.000115284
7   1.28584   0.000102093
8   1.2858   9.74788e-05
9   1.28577   9.12153e-05
10   1.28583   0.000102656
11   1.28578   0.000106494
12   1.28575   0.000102595
13   1.28577   9.64423e-05
14   1.28579   9.19811e-05
15   1.28577   8.81149e-05
16   1.28577   8.26096e-05
17   1.28578   7.92541e-05
18   1.28578   7.4855e-05
19   1.28577   7.1741e-05
20   1.28578   6.8224e-05
21   1.28577   6.52534e-05
22   1.28578   6.37108e-05
23   1.28577   6.17298e-05
24   1.28578   5.98311e-05
25   1.28578   5.79541e-05
26   1.28577   5.60578e-05
27   1.28578   5.4495e-05
28   1.28578   5.2686e-05
29   1.28579   5.13412e-05
30   1.28579   5.00486e-05
31   1.2858   4.84879e-05
32   1.28579   4.70151e-05
33   1.2858   4.56133e-05
34   1.2858   4.42758e-05
35   1.28581   4.41814e-05
36   1.2858   4.38081e-05
37   1.2858   4.30387e-05
38   1.2858   4.24155e-05
39   1.2858   4.13654e-05
40   1.2858   4.07401e-05
41   1.28581   4.01742e-05
42   1.28581   3.93361e-05
43   1.2858   3.98098e-05
44   1.28579   3.89921e-05
45   1.2858   3.85029e-05
46   1.2858   3.7687e-05
47   1.2858   3.73266e-05
48   1.28581   3.66283e-05
49   1.2858   3.65968e-05
50   1.2858   3.60215e-05
51   1.28581   3.54429e-05
52   1.28581   3.48358e-05
53   1.28581   3.42393e-05
54   1.28581   3.36055e-05
55   1.28581   3.30362e-05
56   1.28581   3.24522e-05
57   1.2858   3.20608e-05
58   1.2858   3.16398e-05
59   1.28581   3.17861e-05
60   1.2858   3.19089e-05
61   1.2858   3.13897e-05
62   1.2858   3.08935e-05
63   1.2858   3.04315e-05
64   1.2858   2.99747e-05
65   1.2858   2.96105e-05
66   1.2858   2.91623e-05
67   1.2858   2.87841e-05
68   1.2858   2.89699e-05
69   1.2858   2.86898e-05
70   1.2858   2.84423e-05
71   1.28579   2.81391e-05
72   1.2858   2.81939e-05
73   1.2858   2.78719e-05
74   1.2858   2.77462e-05
75   1.2858   2.7392e-05
76   1.2858   2.70691e-05
77   1.2858   2.67301e-05
78   1.2858   2.65929e-05
79   1.2858   2.6339e-05
80   1.2858   2.61172e-05
81   1.28579   2.59633e-05
82   1.28579   2.56827e-05
83   1.2858   2.57217e-05
84   1.28579   2.62371e-05
85   1.28579   2.59357e-05
86   1.28579   2.59163e-05
87   1.28579   2.56574e-05
88   1.28579   2.58989e-05
89   1.28579   2.59123e-05
90   1.28578   2.58872e-05
91   1.28579   2.5659e-05
92   1.28578   2.54084e-05
93   1.28579   2.54464e-05
94   1.28578   2.5752e-05
95   1.28578   2.55002e-05
96   1.28578   2.53678e-05
97   1.28578   2.53909e-05
98   1.28578   2.52319e-05
99   1.28578   2.50075e-05
100   1.28578   2.49927e-05
