1   1.13714   0
2   1.14986   0.00899349
3   1.15084   0.0060488
4   1.15823   0.00784614
5   1.16226   0.00723772
6   1.16217   0.00603199
7   1.16267   0.00519131
8   1.16489   0.00499538
9   1.16934   0.00610667
10   1.17098   0.0057131
11   1.17277   0.00546646
12   1.17656   0.00618427
13   1.18031   0.00675316
14   1.18205   0.00649077
15   1.18336   0.00618851
16   1.18607   0.00636909
17   1.18751   0.00615345
18   1.1885   0.00589114
19   1.18954   0.00567247
20   1.19076   0.00551842
21   1.19158   0.00531601
22   1.19188   0.00508312
23   1.19222   0.00487299
24   1.19217   0.00467022
25   1.1919   0.00449085
26   1.1922   0.00432779
27   1.19227   0.00416806
28   1.19209   0.00402296
29   1.19149   0.00392895
30   1.19061   0.00389547
31   1.18944   0.0039416
32   1.18846   0.00393737
33   1.18764   0.0039018
34   1.18689   0.00385877
35   1.18597   0.00385762
36   1.18518   0.00383087
37   1.18452   0.003783
38   1.18397   0.00372349
39   1.18364   0.00364238
40   1.18315   0.00358431
41   1.18223   0.00361223
42   1.18115   0.00368432
43   1.18073   0.003623
44   1.18075   0.00354075
45   1.18067   0.00346313
46   1.18026   0.00341139
47   1.17999   0.00334937
48   1.17908   0.00340186
49   1.17842   0.00339647
50   1.17789   0.00336985
51   1.1771   0.0033949
52   1.1761   0.00347342
53   1.17518   0.00352821
54   1.17428   0.0035752
55   1.17333   0.00363322
56   1.17226   0.00372262
57   1.17134   0.00377042
58   1.17063   0.00377053
59   1.16985   0.00378774
60   1.16889   0.00384295
61   1.16829   0.00382652
62   1.16764   0.00382065
63   1.16699   0.00381406
64   1.16649   0.00378695
65   1.16608   0.00375161
66   1.16575   0.00370924
67   1.16549   0.00366304
68   1.16505   0.00363442
69   1.16441   0.00363774
70   1.16401   0.00360805
71   1.16383   0.00356162
72   1.16357   0.00352178
73   1.16296   0.00352649
74   1.16254   0.00350379
75   1.16216   0.00347717
76   1.1617   0.00346136
77   1.1611   0.00346859
78   1.16063   0.00345663
79   1.1602   0.00343868
80   1.15962   0.00344381
81   1.15931   0.0034157
82   1.15902   0.00338591
83   1.15851   0.00338417
84   1.15808   0.0033708
85   1.15777   0.00334514
86   1.15766   0.00330829
87   1.15768   0.00327031
88   1.15758   0.00323452
89   1.15729   0.00321082
90   1.15733   0.0031754
91   1.15738   0.00314087
92   1.15735   0.00310691
93   1.15724   0.00307552
94   1.15707   0.00304716
95   1.15714   0.00301581
96   1.15706   0.00298544
97   1.15696   0.0029563
98   1.15689   0.00292687
99   1.15657   0.00291485
100   1.1565   0.00288654
