   0.0323165   0   0
   0.0969496   0   0
   0.161583   0   0
   0.226216   0   0
   0.290849   0   0
   0.355482   0   0
   0.420115   0   0
   0.484748   0   0
   0.549381   0   0
   0.614014   0   0
   0.678647   0   0
   0.74328   0   0
   0.807913   0   0
   0.872546   0   0
   0.937179   0.1531   0.0191445
   1.00181   0.940651   0.0453579
   1.06645   2.29997   0.0900735
   1.13108   2.94126   0.0877464
   1.19571   2.48527   0.0746916
   1.26034   1.93445   0.0522438
   1.32498   1.65376   0.0551745
   1.38961   1.50943   0.0412588
   1.45424   1.36683   0.0404308
   1.51888   1.19806   0.0375398
   1.58351   1.17536   0.0357701
   1.64814   1.13904   0.0351489
   1.71278   1.09528   0.0394879
   1.77741   1.01635   0.0339971
   1.84204   1.06454   0.0309692
   1.90667   1.16493   0.0313905
   1.97131   1.13192   0.0297536
   2.03594   1.08617   0.0248844
   2.10057   1.09477   0.0249364
   2.16521   1.06472   0.0330158
   2.22984   1.05287   0.0310483
   2.29447   1.09512   0.0261795
   2.35911   1.10075   0.0245111
   2.42374   1.10314   0.021503
   2.48837   1.06867   0.0210808
   2.55301   1.01112   0.021293
   2.61764   0.986165   0.0192874
   2.68227   0.982311   0.0219474
   2.7469   0.959534   0.0181339
   2.81154   0.945577   0.0163917
   2.87617   1.02786   0.0178155
   2.9408   1.00996   0.0169267
   3.00544   0.987335   0.0178552
   3.07007   1.00924   0.0183718
   3.1347   1.03302   0.0190607
   3.19934   1.0077   0.0160095
   3.26397   0.966302   0.0158093
   3.3286   0.940253   0.0169426
   3.39323   0.951706   0.0145466
   3.45787   0.964933   0.0151117
   3.5225   0.982989   0.0157709
   3.58713   0.995479   0.0164834
   3.65177   1.00935   0.01594
   3.7164   1.02077   0.0138526
   3.78103   0.969966   0.0129714
   3.84567   0.99545   0.0143202
   3.9103   0.988492   0.0143927
   3.97493   0.994502   0.0140475
   4.03957   0.973803   0.0121957
   4.1042   0.959698   0.0124031
   4.16883   0.976718   0.0146615
   4.23346   0.945749   0.0138059
   4.2981   0.956347   0.0125051
   4.36273   0.961978   0.0124472
   4.42736   0.981903   0.0137465
   4.492   0.971952   0.0127368
   4.55663   1.0001   0.0128575
   4.62126   0.984893   0.0123327
   4.6859   0.994774   0.0128233
   4.75053   0.990076   0.0115633
   4.81516   0.996107   0.0110133
   4.87979   0.989198   0.0112908
   4.94443   0.985478   0.0113605
   5.00906   0.983347   0.0107477
   5.07369   0.972004   0.0106444
   5.13833   0.95116   0.0101557
   5.20296   0.945952   0.00981243
   5.26759   0.949882   0.0101496
   5.33223   0.956905   0.00936385
   5.39686   0.972778   0.00875874
   5.46149   1.00959   0.0100547
   5.52612   0.985454   0.00954694
   5.59076   0.989091   0.00857628
   5.65539   0.965144   0.00985036
   5.72002   0.954229   0.00997873
   5.78466   0.998109   0.00929827
   5.84929   0.979666   0.00875459
   5.91392   0.979126   0.00887695
   5.97856   0.954524   0.0102477
   6.04319   0.953332   0.00865365
   6.10782   0.974603   0.00834394
   6.17246   0.972037   0.00860237
   6.23709   0.975674   0.00831638
   6.30172   0.957555   0.00867023
   6.36635   0.982168   0.0103339
   6.43099   0.980178   0.00796947
