1   -0.419554   0
2   -0.43898   0.0137364
3   -0.440394   0.00923007
4   -0.451566   0.0118967
5   -0.457529   0.0109102
6   -0.457381   0.00909284
7   -0.458165   0.0078276
8   -0.46154   0.00754166
9   -0.46824   0.00921099
10   -0.470641   0.00859726
11   -0.473378   0.00823964
12   -0.479089   0.00932458
13   -0.484703   0.0101577
14   -0.487289   0.00975583
15   -0.489272   0.00930481
16   -0.493343   0.00957223
17   -0.495476   0.00924378
18   -0.496964   0.00884925
19   -0.498538   0.00852234
20   -0.500365   0.00828961
21   -0.501599   0.00798621
22   -0.502043   0.00763553
23   -0.502552   0.0073205
24   -0.502465   0.00701599
25   -0.502078   0.00674605
26   -0.502526   0.00650147
27   -0.502623   0.00626139
28   -0.502354   0.00604357
29   -0.501444   0.00590319
30   -0.500116   0.00585384
31   -0.498359   0.00592292
32   -0.496897   0.00591545
33   -0.495671   0.00586191
34   -0.494544   0.00579681
35   -0.493148   0.00579699
36   -0.491968   0.00575462
37   -0.490979   0.00568349
38   -0.490158   0.00559294
39   -0.489665   0.0054712
40   -0.488922   0.00538462
41   -0.487541   0.00542751
42   -0.485923   0.00553417
43   -0.485297   0.00544076
44   -0.485338   0.00531726
45   -0.485202   0.00520084
46   -0.484597   0.0051229
47   -0.484188   0.00503018
48   -0.482816   0.00510922
49   -0.481828   0.0050995
50   -0.481028   0.00505993
51   -0.479841   0.00509796
52   -0.47834   0.00521606
53   -0.476959   0.00529741
54   -0.475613   0.00536768
55   -0.474192   0.00545488
56   -0.472586   0.00558885
57   -0.471202   0.00565951
58   -0.470149   0.00565901
59   -0.468963   0.00568605
60   -0.467538   0.00576709
61   -0.466639   0.00574228
62   -0.465654   0.00573354
63   -0.464687   0.00572335
64   -0.46394   0.0056825
65   -0.463317   0.00562919
66   -0.462822   0.00556558
67   -0.462433   0.00549612
68   -0.46178   0.00545385
69   -0.460823   0.00545828
70   -0.460221   0.00541338
71   -0.459956   0.00534359
72   -0.459558   0.00528418
73   -0.458637   0.00529153
74   -0.45801   0.005257
75   -0.457445   0.00521714
76   -0.456758   0.00519359
77   -0.455852   0.00520454
78   -0.455141   0.00518611
79   -0.454505   0.00515942
80   -0.453641   0.00516667
81   -0.453171   0.00512423
82   -0.452742   0.00507964
83   -0.451964   0.00507766
84   -0.451329   0.00505676
85   -0.450869   0.00501821
86   -0.450697   0.00496278
87   -0.450727   0.00490583
88   -0.450579   0.00485229
89   -0.450154   0.00481638
90   -0.450219   0.0047633
91   -0.450288   0.00471147
92   -0.450238   0.00466053
93   -0.450066   0.00461358
94   -0.449826   0.00457075
95   -0.449927   0.00452374
96   -0.449805   0.00447826
97   -0.44966   0.00443443
98   -0.449559   0.00439033
99   -0.449079   0.00437216
100   -0.448977   0.00432963
