1   1.70571   0
2   1.72478   0.0134902
3   1.72625   0.00907319
4   1.73734   0.0117692
5   1.74338   0.0108566
6   1.74325   0.00904799
7   1.74401   0.00778697
8   1.74734   0.00749307
9   1.75401   0.00916001
10   1.75648   0.00856965
11   1.75916   0.00819969
12   1.76484   0.00927641
13   1.77047   0.0101297
14   1.77308   0.00973616
15   1.77504   0.00928277
16   1.77911   0.00955363
17   1.78126   0.00923018
18   1.78275   0.00883671
19   1.78431   0.0085087
20   1.78614   0.00827762
21   1.78737   0.00797402
22   1.78783   0.00762468
23   1.78833   0.00730949
24   1.78825   0.00700534
25   1.78785   0.00673628
26   1.7883   0.00649168
27   1.7884   0.00625209
28   1.78813   0.00603444
29   1.78723   0.00589343
30   1.78591   0.0058432
31   1.78416   0.00591241
32   1.78269   0.00590606
33   1.78147   0.0058527
34   1.78034   0.00578815
35   1.77895   0.00578643
36   1.77777   0.00574631
37   1.77678   0.0056745
38   1.77595   0.00558524
39   1.77546   0.00546357
40   1.77473   0.00537646
41   1.77335   0.00541834
42   1.77173   0.00552648
43   1.77109   0.0054345
44   1.77113   0.00531113
45   1.771   0.0051947
46   1.77039   0.00511709
47   1.76999   0.00502405
48   1.76862   0.00510279
49   1.76763   0.00509471
50   1.76683   0.00505477
51   1.76565   0.00509235
52   1.76415   0.00521014
53   1.76276   0.00529232
54   1.76142   0.0053628
55   1.76   0.00544983
56   1.75839   0.00558392
57   1.75701   0.00565563
58   1.75595   0.0056558
59   1.75477   0.00568161
60   1.75334   0.00576443
61   1.75244   0.00573978
62   1.75146   0.00573098
63   1.75049   0.00572108
64   1.74974   0.00568043
65   1.74911   0.00562742
66   1.74862   0.00556386
67   1.74823   0.00549456
68   1.74758   0.00545163
69   1.74662   0.00545661
70   1.74602   0.00541208
71   1.74575   0.00534243
72   1.74536   0.00528267
73   1.74444   0.00528973
74   1.74381   0.00525568
75   1.74324   0.00521575
76   1.74256   0.00519204
77   1.74165   0.00520289
78   1.74094   0.00518495
79   1.7403   0.00515802
80   1.73944   0.00516571
81   1.73896   0.00512356
82   1.73854   0.00507886
83   1.73776   0.00507626
84   1.73712   0.0050562
85   1.73666   0.00501772
86   1.73648   0.00496243
87   1.73651   0.00490547
88   1.73637   0.00485178
89   1.73594   0.00481623
90   1.736   0.00476311
91   1.73607   0.0047113
92   1.73602   0.00466037
93   1.73585   0.00461328
94   1.73561   0.00457074
95   1.73571   0.00452371
96   1.73559   0.00447816
97   1.73544   0.00443446
98   1.73534   0.0043903
99   1.73486   0.00437227
100   1.73476   0.00432982
